<?xml version="1.0" encoding="UTF-8"?>
<!-- Generated by org.testng.reporters.JUnitReportReporter -->
<testsuite hostname="AhsanCST" name="com.ahsan.selenium.Test.TC_UM003" tests="1" failures="0" timestamp="2 Jul 2018 18:40:07 GMT" time="2.338" errors="0">
  <testcase name="TC_001" time="2.338" classname="com.ahsan.selenium.Test.TC_UM003"/>
</testsuite> <!-- com.ahsan.selenium.Test.TC_UM003 -->
