<?xml version="1.0" encoding="UTF-8"?>
<!-- Generated by org.testng.reporters.JUnitReportReporter -->
<testsuite hostname="AhsanCST" name="com.ahsan.selenium.Test.TC_PMS_001" tests="1" failures="0" timestamp="2 Jul 2018 18:08:46 GMT" time="2.405" errors="0">
  <testcase name="TC_001" time="2.405" classname="com.ahsan.selenium.Test.TC_PMS_001"/>
</testsuite> <!-- com.ahsan.selenium.Test.TC_PMS_001 -->
